c:\users\whdfk\documents\github\game\openglsample\openglsample\x64\debug\vc142.pdb
c:\users\whdfk\documents\github\game\openglsample\openglsample\x64\debug\vc142.idb
c:\users\whdfk\documents\github\game\openglsample\openglsample\x64\debug\송현수_20161642_sphere.obj
c:\users\whdfk\documents\github\game\openglsample\openglsample\x64\debug\sphereobject.obj
c:\users\whdfk\documents\github\game\openglsample\openglsample\x64\debug\renderer.obj
c:\users\whdfk\documents\github\game\openglsample\openglsample\x64\debug\renderableobject.obj
c:\users\whdfk\documents\github\game\openglsample\openglsample\x64\debug\object.obj
c:\users\whdfk\documents\github\game\openglsample\openglsample\x64\debug\nonrenderobject.obj
c:\users\whdfk\documents\github\game\openglsample\openglsample\x64\debug\makeobject.obj
c:\users\whdfk\documents\github\game\openglsample\openglsample\x64\debug\filemanager.obj
c:\users\whdfk\documents\github\game\openglsample\openglsample\x64\debug\addobject.obj
c:\users\whdfk\documents\github\game\openglsample\openglsample\x64\debug\sunobject.obj
c:\users\whdfk\documents\github\game\openglsample\openglsample\x64\debug\nonaddobject.obj
c:\users\whdfk\documents\github\game\openglsample\openglsample\x64\debug\nonrendersphere.obj
c:\users\whdfk\documents\github\game\openglsample\x64\debug\openglsample.exe
c:\users\whdfk\documents\github\game\openglsample\x64\debug\openglsample.ilk
c:\users\whdfk\documents\github\game\openglsample\x64\debug\openglsample.pdb
c:\users\whdfk\documents\github\game\openglsample\openglsample\x64\debug\main_w7.obj
c:\users\whdfk\documents\github\game\openglsample\openglsample\x64\debug\송현수_20161642_main.obj
c:\users\whdfk\documents\github\game\openglsample\openglsample\x64\debug\송현수_20161642_기말.obj
c:\users\whdfk\documents\github\game\openglsample\openglsample\x64\debug\vc141.idb
c:\users\whdfk\documents\github\game\openglsample\openglsample\x64\debug\vc141.pdb
c:\users\whdfk\documents\github\game\openglsample\openglsample\x64\debug\openglsample.tlog\cl.command.1.tlog
c:\users\whdfk\documents\github\game\openglsample\openglsample\x64\debug\openglsample.tlog\cl.read.1.tlog
c:\users\whdfk\documents\github\game\openglsample\openglsample\x64\debug\openglsample.tlog\cl.write.1.tlog
c:\users\whdfk\documents\github\game\openglsample\openglsample\x64\debug\openglsample.tlog\link.command.1.tlog
c:\users\whdfk\documents\github\game\openglsample\openglsample\x64\debug\openglsample.tlog\link.read.1.tlog
c:\users\whdfk\documents\github\game\openglsample\openglsample\x64\debug\openglsample.tlog\link.write.1.tlog
